\BOOKMARK [1][-]{section.1}{\376\377\133\236\232\214\200\314\146\157\116\016\166\356\150\007}{}% 1
\BOOKMARK [1][-]{section.2}{\376\377\133\236\232\214\217\307\172\013}{}% 2
\BOOKMARK [2][-]{subsection.2.1}{\376\377\145\160\143\156\226\306\230\204\131\004\164\006}{section.2}% 3
\BOOKMARK [2][-]{subsection.2.2}{\376\377\133\214\142\020\152\041\127\213}{section.2}% 4
\BOOKMARK [3][-]{subsubsection.2.2.1}{\376\377\176\277\140\047\126\336\137\122\152\041\127\213}{subsection.2.2}% 5
\BOOKMARK [3][-]{subsubsection.2.2.2}{\376\377\176\277\140\047\126\336\137\122\166\204\211\343\147\220\211\343}{subsection.2.2}% 6
\BOOKMARK [3][-]{subsubsection.2.2.3}{\376\377\220\073\217\221\126\336\137\122\152\041\127\213}{subsection.2.2}% 7
\BOOKMARK [2][-]{subsection.2.3}{\376\377\152\041\127\213\213\255\176\303}{section.2}% 8
\BOOKMARK [2][-]{subsection.2.4}{\376\377\152\041\127\213\213\304\117\060\116\016\122\006\147\220}{section.2}% 9
\BOOKMARK [1][-]{section.3}{\376\377\214\003\145\164\215\205\123\302\145\160}{}% 10
\BOOKMARK [2][-]{subsection.3.1}{\376\377\215\205\123\302\145\160\220\011\142\351\116\016\214\003\145\164}{section.3}% 11
\BOOKMARK [2][-]{subsection.3.2}{\376\377\214\003\145\164\176\323\147\234}{section.3}% 12
\BOOKMARK [2][-]{subsection.3.3}{\376\377\122\006\147\220\116\016\123\315\140\035}{section.3}% 13
\BOOKMARK [1][-]{section.4}{\376\377\176\347\176\355\145\071\217\333\377\010\153\143\122\031\123\026\377\011}{}% 14
\BOOKMARK [2][-]{subsection.4.1}{\376\377\153\143\122\031\123\026\145\271\154\325}{section.4}% 15
\BOOKMARK [2][-]{subsection.4.2}{\376\377\145\110\147\234\134\125\171\072}{section.4}% 16
\BOOKMARK [2][-]{subsection.4.3}{\376\377\122\006\147\220}{section.4}% 17
\BOOKMARK [1][-]{section.5}{\376\377\147\000\117\030\176\323\147\234}{}% 18
\BOOKMARK [2][-]{subsection.5.1}{\376\377\176\277\140\047\126\336\137\122\152\041\127\213}{section.5}% 19
\BOOKMARK [2][-]{subsection.5.2}{\376\377\220\073\217\221\126\336\137\122\152\041\127\213}{section.5}% 20
\BOOKMARK [1][-]{section.6}{\376\377\213\376\172\013\123\315\231\210}{}% 21
\BOOKMARK [2][-]{subsection.6.1}{\376\377\202\261\215\071\166\204\145\366\225\364}{section.6}% 22
\BOOKMARK [2][-]{subsection.6.2}{\376\377\213\376\172\013\000/\133\236\232\214\136\372\213\256}{section.6}% 23
